<?xml version="1.0" encoding="UTF-8"?>
<!-- Generated by org.testng.reporters.JUnitReportReporter -->
<testsuite hostname="DESKTOP-H9245CO" failures="0" tests="1" name="test.JiraIssueCRUD_TestNG" time="3.379" errors="0" timestamp="10 May 2023 09:05:11 GMT" skipped="0">
  <testcase classname="test.JiraIssueCRUD_TestNG" name="TestCase" time="3.379"/>
</testsuite> <!-- test.JiraIssueCRUD_TestNG -->
